<?xml version="1.0" encoding="UTF-8"?>
<testsuite xmlns:xsi="http://www.w3.org/2001/XMLSchema-instance" xsi:noNamespaceSchemaLocation="https://maven.apache.org/surefire/maven-surefire-plugin/xsd/surefire-test-report-3.0.xsd" version="3.0" name="testing.NewEmptyJUnitTest" time="0.093" tests="11" errors="0" skipped="0" failures="3">
  <properties>
    <property name="java.specification.version" value="22"/>
    <property name="sun.cpu.isalist" value="amd64"/>
    <property name="sun.jnu.encoding" value="Cp1252"/>
    <property name="java.class.path" value="C:\Users\alizonros\OneDrive - Centre d&apos;Estudis Monlau\1 DAM\0485 Programació\MavenJUnitTest\target\test-classes;C:\Users\alizonros\OneDrive - Centre d&apos;Estudis Monlau\1 DAM\0485 Programació\MavenJUnitTest\target\classes;C:\Users\alizonros\.m2\repository\org\junit\jupiter\junit-jupiter-api\5.10.2\junit-jupiter-api-5.10.2.jar;C:\Users\alizonros\.m2\repository\org\opentest4j\opentest4j\1.3.0\opentest4j-1.3.0.jar;C:\Users\alizonros\.m2\repository\org\junit\platform\junit-platform-commons\1.10.2\junit-platform-commons-1.10.2.jar;C:\Users\alizonros\.m2\repository\org\apiguardian\apiguardian-api\1.1.2\apiguardian-api-1.1.2.jar;C:\Users\alizonros\.m2\repository\org\junit\jupiter\junit-jupiter-params\5.10.2\junit-jupiter-params-5.10.2.jar;C:\Users\alizonros\.m2\repository\org\junit\jupiter\junit-jupiter-engine\5.10.2\junit-jupiter-engine-5.10.2.jar;C:\Users\alizonros\.m2\repository\org\junit\platform\junit-platform-engine\1.10.2\junit-platform-engine-1.10.2.jar;"/>
    <property name="java.vm.vendor" value="Oracle Corporation"/>
    <property name="sun.arch.data.model" value="64"/>
    <property name="user.variant" value=""/>
    <property name="java.vendor.url" value="https://java.oracle.com/"/>
    <property name="user.timezone" value="Europe/Madrid"/>
    <property name="os.name" value="Windows 11"/>
    <property name="java.vm.specification.version" value="22"/>
    <property name="user.country" value="ES"/>
    <property name="sun.java.launcher" value="SUN_STANDARD"/>
    <property name="sun.boot.library.path" value="C:\Program Files\Java\jdk-22\bin"/>
    <property name="sun.java.command" value="C:\Users\alizonros\AppData\Local\Temp\surefire17026026691894742348\surefirebooter-20250211095842987_3.jar C:\Users\alizonros\AppData\Local\Temp\surefire17026026691894742348 2025-02-11T09-58-42_864-jvmRun1 surefire-20250211095842987_1tmp surefire_0-20250211095842987_2tmp"/>
    <property name="jdk.debug" value="release"/>
    <property name="test" value="testing.NewEmptyJUnitTest"/>
    <property name="surefire.test.class.path" value="C:\Users\alizonros\OneDrive - Centre d&apos;Estudis Monlau\1 DAM\0485 Programació\MavenJUnitTest\target\test-classes;C:\Users\alizonros\OneDrive - Centre d&apos;Estudis Monlau\1 DAM\0485 Programació\MavenJUnitTest\target\classes;C:\Users\alizonros\.m2\repository\org\junit\jupiter\junit-jupiter-api\5.10.2\junit-jupiter-api-5.10.2.jar;C:\Users\alizonros\.m2\repository\org\opentest4j\opentest4j\1.3.0\opentest4j-1.3.0.jar;C:\Users\alizonros\.m2\repository\org\junit\platform\junit-platform-commons\1.10.2\junit-platform-commons-1.10.2.jar;C:\Users\alizonros\.m2\repository\org\apiguardian\apiguardian-api\1.1.2\apiguardian-api-1.1.2.jar;C:\Users\alizonros\.m2\repository\org\junit\jupiter\junit-jupiter-params\5.10.2\junit-jupiter-params-5.10.2.jar;C:\Users\alizonros\.m2\repository\org\junit\jupiter\junit-jupiter-engine\5.10.2\junit-jupiter-engine-5.10.2.jar;C:\Users\alizonros\.m2\repository\org\junit\platform\junit-platform-engine\1.10.2\junit-platform-engine-1.10.2.jar;"/>
    <property name="sun.cpu.endian" value="little"/>
    <property name="user.home" value="C:\Users\alizonros"/>
    <property name="user.language" value="es"/>
    <property name="java.specification.vendor" value="Oracle Corporation"/>
    <property name="java.version.date" value="2024-04-16"/>
    <property name="java.home" value="C:\Program Files\Java\jdk-22"/>
    <property name="file.separator" value="\"/>
    <property name="basedir" value="C:\Users\alizonros\OneDrive - Centre d&apos;Estudis Monlau\1 DAM\0485 Programació\MavenJUnitTest"/>
    <property name="java.vm.compressedOopsMode" value="Zero based"/>
    <property name="line.separator" value="&#10;"/>
    <property name="java.vm.specification.vendor" value="Oracle Corporation"/>
    <property name="java.specification.name" value="Java Platform API Specification"/>
    <property name="surefire.real.class.path" value="C:\Users\alizonros\AppData\Local\Temp\surefire17026026691894742348\surefirebooter-20250211095842987_3.jar"/>
    <property name="user.script" value=""/>
    <property name="sun.management.compiler" value="HotSpot 64-Bit Tiered Compilers"/>
    <property name="java.runtime.version" value="22.0.1+8-16"/>
    <property name="user.name" value="alizonros"/>
    <property name="stdout.encoding" value="Cp1252"/>
    <property name="path.separator" value=";"/>
    <property name="os.version" value="10.0"/>
    <property name="java.runtime.name" value="Java(TM) SE Runtime Environment"/>
    <property name="file.encoding" value="UTF-8"/>
    <property name="java.vm.name" value="Java HotSpot(TM) 64-Bit Server VM"/>
    <property name="maven.ext.class.path" value="C:\Program Files\NetBeans-22\netbeans\java\maven-nblib\netbeans-eventspy.jar;C:\Program Files\NetBeans-22\netbeans\java\maven-nblib\netbeans-eventspy.jar"/>
    <property name="localRepository" value="C:\Users\alizonros\.m2\repository"/>
    <property name="java.vendor.url.bug" value="https://bugreport.java.com/bugreport/"/>
    <property name="java.io.tmpdir" value="C:\Users\ALIZON~1\AppData\Local\Temp\"/>
    <property name="java.version" value="22.0.1"/>
    <property name="user.dir" value="C:\Users\alizonros\OneDrive - Centre d&apos;Estudis Monlau\1 DAM\0485 Programació\MavenJUnitTest"/>
    <property name="os.arch" value="amd64"/>
    <property name="java.vm.specification.name" value="Java Virtual Machine Specification"/>
    <property name="sun.os.patch.level" value=""/>
    <property name="native.encoding" value="Cp1252"/>
    <property name="java.library.path" value="C:\Program Files\Java\jdk-22\bin;C:\WINDOWS\Sun\Java\bin;C:\WINDOWS\system32;C:\WINDOWS;C:\Python312\Scripts\;C:\Python312\;C:\Program Files (x86)\VMware\VMware Workstation\bin\;C:\Program Files\Common Files\Oracle\Java\javapath;C:\Program Files (x86)\Common Files\Oracle\Java\java8path;C:\Program Files (x86)\Common Files\Oracle\Java\javapath;C:\WINDOWS\system32;C:\WINDOWS;C:\WINDOWS\System32\Wbem;C:\WINDOWS\System32\WindowsPowerShell\v1.0\;C:\WINDOWS\System32\OpenSSH\;C:\Program Files\PuTTY\;C:\MinGW\bin;C:\MinGW\msys\1.0\bin;C:\Program Files\Git\cmd;C:\Program Files\dotnet\;C:\Windows Kits\10\Windows Performance Toolkit\;C:\Program Files\Cloudflare\Cloudflare WARP\;C:\Program Files\nodejs\;C:\ProgramData\chocolatey\bin;C:\Users\xavierfarmar\AppData\Local\Android\Sdk\emulator;C:\Users\xavierfarmar\AppData\Local\Android\Sdk\platform-tools;C:\Users\xavierfarmar\AppData\Local\Android\Sdk\tools;C:\Program Files\Microsoft SQL Server\150\Tools\Binn\;C:\Program Files\Microsoft SQL Server\Client SDK\ODBC\170\Tools\Binn\;C:\Program Files\CMake\bin;C:\Users\alizonros\AppData\Local\Microsoft\WindowsApps;C:\Users\alizonros\AppData\Local\Programs\Microsoft VS Code\bin;C:\Users\alizonros\.dotnet\tools;."/>
    <property name="java.vm.info" value="mixed mode, sharing"/>
    <property name="stderr.encoding" value="Cp1252"/>
    <property name="java.vendor" value="Oracle Corporation"/>
    <property name="java.vm.version" value="22.0.1+8-16"/>
    <property name="sun.io.unicode.encoding" value="UnicodeLittle"/>
    <property name="java.class.version" value="66.0"/>
  </properties>
  <testcase name="testIsNumeric" classname="testing.NewEmptyJUnitTest" time="0.03">
    <system-out><![CDATA[5. testIsNumeric
]]></system-out>
  </testcase>
  <testcase name="testCheckEmail" classname="testing.NewEmptyJUnitTest" time="0.001">
    <system-out><![CDATA[7. testCheckEmail
]]></system-out>
  </testcase>
  <testcase name="testCheckId_01" classname="testing.NewEmptyJUnitTest" time="0.002">
    <system-out><![CDATA[1. testCheckId_01 - nif correcto
]]></system-out>
  </testcase>
  <testcase name="testCheckId_02" classname="testing.NewEmptyJUnitTest" time="0.008">
    <failure message="El tipo de documento es incorrecto. ==&gt; expected: &lt;true&gt; but was: &lt;false&gt;" type="org.opentest4j.AssertionFailedError"><![CDATA[org.opentest4j.AssertionFailedError: El tipo de documento es incorrecto. ==> expected: <true> but was: <false>
	at org.junit.jupiter.api.AssertionFailureBuilder.build(AssertionFailureBuilder.java:151)
	at org.junit.jupiter.api.AssertionFailureBuilder.buildAndThrow(AssertionFailureBuilder.java:132)
	at org.junit.jupiter.api.AssertEquals.failNotEqual(AssertEquals.java:197)
	at org.junit.jupiter.api.AssertEquals.assertEquals(AssertEquals.java:182)
	at org.junit.jupiter.api.Assertions.assertEquals(Assertions.java:1156)
	at testing.NewEmptyJUnitTest.testCheckId_02(NewEmptyJUnitTest.java:41)
	at java.base/java.lang.reflect.Method.invoke(Method.java:580)
	at java.base/java.util.ArrayList.forEach(ArrayList.java:1597)
	at java.base/java.util.ArrayList.forEach(ArrayList.java:1597)
]]></failure>
    <system-out><![CDATA[1. testCheckId_02 - tipo de documento incorrecto
]]></system-out>
  </testcase>
  <testcase name="testCheckId_03" classname="testing.NewEmptyJUnitTest" time="0.003">
    <failure message="La letra es incorrecta. ==&gt; expected: &lt;true&gt; but was: &lt;false&gt;" type="org.opentest4j.AssertionFailedError"><![CDATA[org.opentest4j.AssertionFailedError: La letra es incorrecta. ==> expected: <true> but was: <false>
	at org.junit.jupiter.api.AssertionFailureBuilder.build(AssertionFailureBuilder.java:151)
	at org.junit.jupiter.api.AssertionFailureBuilder.buildAndThrow(AssertionFailureBuilder.java:132)
	at org.junit.jupiter.api.AssertEquals.failNotEqual(AssertEquals.java:197)
	at org.junit.jupiter.api.AssertEquals.assertEquals(AssertEquals.java:182)
	at org.junit.jupiter.api.Assertions.assertEquals(Assertions.java:1156)
	at testing.NewEmptyJUnitTest.testCheckId_03(NewEmptyJUnitTest.java:49)
	at java.base/java.lang.reflect.Method.invoke(Method.java:580)
	at java.base/java.util.ArrayList.forEach(ArrayList.java:1597)
	at java.base/java.util.ArrayList.forEach(ArrayList.java:1597)
]]></failure>
    <system-out><![CDATA[1. testCheckId_03 - letra incorrecta
]]></system-out>
  </testcase>
  <testcase name="testCheckId_04" classname="testing.NewEmptyJUnitTest" time="0.003">
    <failure message="El nif es nulo. ==&gt; expected: &lt;true&gt; but was: &lt;false&gt;" type="org.opentest4j.AssertionFailedError"><![CDATA[org.opentest4j.AssertionFailedError: El nif es nulo. ==> expected: <true> but was: <false>
	at org.junit.jupiter.api.AssertionFailureBuilder.build(AssertionFailureBuilder.java:151)
	at org.junit.jupiter.api.AssertionFailureBuilder.buildAndThrow(AssertionFailureBuilder.java:132)
	at org.junit.jupiter.api.AssertEquals.failNotEqual(AssertEquals.java:197)
	at org.junit.jupiter.api.AssertEquals.assertEquals(AssertEquals.java:182)
	at org.junit.jupiter.api.Assertions.assertEquals(Assertions.java:1156)
	at testing.NewEmptyJUnitTest.testCheckId_04(NewEmptyJUnitTest.java:57)
	at java.base/java.lang.reflect.Method.invoke(Method.java:580)
	at java.base/java.util.ArrayList.forEach(ArrayList.java:1597)
	at java.base/java.util.ArrayList.forEach(ArrayList.java:1597)
]]></failure>
    <system-out><![CDATA[1. testCheckId_04 - nif nulo
]]></system-out>
  </testcase>
  <testcase name="testCheckPostalCode" classname="testing.NewEmptyJUnitTest" time="0.002">
    <system-out><![CDATA[4. testCheckPostalCode
]]></system-out>
  </testcase>
  <testcase name="testCheckName" classname="testing.NewEmptyJUnitTest" time="0.002">
    <system-out><![CDATA[8. testCheckName
]]></system-out>
  </testcase>
  <testcase name="testCheckFormatDate" classname="testing.NewEmptyJUnitTest" time="0.001">
    <system-out><![CDATA[2. testCheckFormatDate
]]></system-out>
  </testcase>
  <testcase name="testIsAlphabetic" classname="testing.NewEmptyJUnitTest" time="0.002">
    <system-out><![CDATA[6. testIsAlphabetic
]]></system-out>
  </testcase>
  <testcase name="testCalculateAge" classname="testing.NewEmptyJUnitTest" time="0.002">
    <system-out><![CDATA[3. testCalculateAge
]]></system-out>
  </testcase>
</testsuite>