<?xml version="1.0" encoding="UTF-8"?>
<testsuite xmlns:xsi="http://www.w3.org/2001/XMLSchema-instance" xsi:noNamespaceSchemaLocation="https://maven.apache.org/surefire/maven-surefire-plugin/xsd/surefire-test-report-3.0.xsd" version="3.0" name="testing.NewEmptyJUnitTest" time="0.093" tests="11" errors="0" skipped="0" failures="3">
  <properties>
[...]
</properties>
  <testcase name="testIsNumeric" classname="testing.NewEmptyJUnitTest" time="0.03">
    <system-out><![CDATA[5. testIsNumeric
]]></system-out>
  </testcase>
  <testcase name="testCheckEmail" classname="testing.NewEmptyJUnitTest" time="0.001">
    <system-out><![CDATA[7. testCheckEmail
]]></system-out>
  </testcase>
  <testcase name="testCheckId_01" classname="testing.NewEmptyJUnitTest" time="0.002">
    <system-out><![CDATA[1. testCheckId_01 - nif correcto
]]></system-out>
  </testcase>
  <testcase name="testCheckId_02" classname="testing.NewEmptyJUnitTest" time="0.008">
    <failure message="El tipo de documento es incorrecto. ==&gt; expected: &lt;true&gt; but was: &lt;false&gt;" type="org.opentest4j.AssertionFailedError"><![CDATA[org.opentest4j.AssertionFailedError: El tipo de documento es incorrecto. ==> expected: <true> but was: <false>
	at org.junit.jupiter.api.AssertionFailureBuilder.build(AssertionFailureBuilder.java:151)
	at org.junit.jupiter.api.AssertionFailureBuilder.buildAndThrow(AssertionFailureBuilder.java:132)
	at org.junit.jupiter.api.AssertEquals.failNotEqual(AssertEquals.java:197)
	at org.junit.jupiter.api.AssertEquals.assertEquals(AssertEquals.java:182)
	at org.junit.jupiter.api.Assertions.assertEquals(Assertions.java:1156)
	at testing.NewEmptyJUnitTest.testCheckId_02(NewEmptyJUnitTest.java:41)
	at java.base/java.lang.reflect.Method.invoke(Method.java:580)
	at java.base/java.util.ArrayList.forEach(ArrayList.java:1597)
	at java.base/java.util.ArrayList.forEach(ArrayList.java:1597)
]]></failure>
    <system-out><![CDATA[1. testCheckId_02 - tipo de documento incorrecto
]]></system-out>
  </testcase>
  <testcase name="testCheckId_03" classname="testing.NewEmptyJUnitTest" time="0.003">
    <failure message="La letra es incorrecta. ==&gt; expected: &lt;true&gt; but was: &lt;false&gt;" type="org.opentest4j.AssertionFailedError"><![CDATA[org.opentest4j.AssertionFailedError: La letra es incorrecta. ==> expected: <true> but was: <false>
	at org.junit.jupiter.api.AssertionFailureBuilder.build(AssertionFailureBuilder.java:151)
	at org.junit.jupiter.api.AssertionFailureBuilder.buildAndThrow(AssertionFailureBuilder.java:132)
	at org.junit.jupiter.api.AssertEquals.failNotEqual(AssertEquals.java:197)
	at org.junit.jupiter.api.AssertEquals.assertEquals(AssertEquals.java:182)
	at org.junit.jupiter.api.Assertions.assertEquals(Assertions.java:1156)
	at testing.NewEmptyJUnitTest.testCheckId_03(NewEmptyJUnitTest.java:49)
	at java.base/java.lang.reflect.Method.invoke(Method.java:580)
	at java.base/java.util.ArrayList.forEach(ArrayList.java:1597)
	at java.base/java.util.ArrayList.forEach(ArrayList.java:1597)
]]></failure>
    <system-out><![CDATA[1. testCheckId_03 - letra incorrecta
]]></system-out>
  </testcase>
  <testcase name="testCheckId_04" classname="testing.NewEmptyJUnitTest" time="0.003">
    <failure message="El nif es nulo. ==&gt; expected: &lt;true&gt; but was: &lt;false&gt;" type="org.opentest4j.AssertionFailedError"><![CDATA[org.opentest4j.AssertionFailedError: El nif es nulo. ==> expected: <true> but was: <false>
	at org.junit.jupiter.api.AssertionFailureBuilder.build(AssertionFailureBuilder.java:151)
	at org.junit.jupiter.api.AssertionFailureBuilder.buildAndThrow(AssertionFailureBuilder.java:132)
	at org.junit.jupiter.api.AssertEquals.failNotEqual(AssertEquals.java:197)
	at org.junit.jupiter.api.AssertEquals.assertEquals(AssertEquals.java:182)
	at org.junit.jupiter.api.Assertions.assertEquals(Assertions.java:1156)
	at testing.NewEmptyJUnitTest.testCheckId_04(NewEmptyJUnitTest.java:57)
	at java.base/java.lang.reflect.Method.invoke(Method.java:580)
	at java.base/java.util.ArrayList.forEach(ArrayList.java:1597)
	at java.base/java.util.ArrayList.forEach(ArrayList.java:1597)
]]></failure>
    <system-out><![CDATA[1. testCheckId_04 - nif nulo
]]></system-out>
  </testcase>
  <testcase name="testCheckPostalCode" classname="testing.NewEmptyJUnitTest" time="0.002">
    <system-out><![CDATA[4. testCheckPostalCode
]]></system-out>
  </testcase>
  <testcase name="testCheckName" classname="testing.NewEmptyJUnitTest" time="0.002">
    <system-out><![CDATA[8. testCheckName
]]></system-out>
  </testcase>
  <testcase name="testCheckFormatDate" classname="testing.NewEmptyJUnitTest" time="0.001">
    <system-out><![CDATA[2. testCheckFormatDate
]]></system-out>
  </testcase>
  <testcase name="testIsAlphabetic" classname="testing.NewEmptyJUnitTest" time="0.002">
    <system-out><![CDATA[6. testIsAlphabetic
]]></system-out>
  </testcase>
  <testcase name="testCalculateAge" classname="testing.NewEmptyJUnitTest" time="0.002">
    <system-out><![CDATA[3. testCalculateAge
]]></system-out>
  </testcase>
</testsuite>